{"/home/abhishek/Desktop/rails_apps/ng-test/app/assets/javascripts/pages.js":{"path":"/home/abhishek/Desktop/rails_apps/ng-test/app/assets/javascripts/pages.js","s":{"1":1,"2":0,"3":0,"4":0,"5":0,"6":0,"7":0,"8":0,"9":0,"10":0,"11":0,"12":0,"13":0,"14":0,"15":0,"16":0,"17":0,"18":0,"19":0,"20":0,"21":0,"22":0,"23":0},"b":{"1":[0,0],"2":[0,0],"3":[0,0]},"f":{"1":0,"2":0,"3":0,"4":0,"5":0,"6":0,"7":0},"fnMap":{"1":{"name":"(anonymous_1)","line":2,"loc":{"start":{"line":2,"column":60},"end":{"line":2,"column":90}}},"2":{"name":"(anonymous_2)","line":9,"loc":{"start":{"line":9,"column":20},"end":{"line":9,"column":30}}},"3":{"name":"(anonymous_3)","line":11,"loc":{"start":{"line":11,"column":33},"end":{"line":11,"column":47}}},"4":{"name":"(anonymous_4)","line":17,"loc":{"start":{"line":17,"column":24},"end":{"line":17,"column":34}}},"5":{"name":"(anonymous_5)","line":28,"loc":{"start":{"line":28,"column":17},"end":{"line":28,"column":27}}},"6":{"name":"(anonymous_6)","line":29,"loc":{"start":{"line":29,"column":10},"end":{"line":29,"column":32}}},"7":{"name":"(anonymous_7)","line":34,"loc":{"start":{"line":34,"column":36},"end":{"line":34,"column":50}}}},"statementMap":{"1":{"start":{"line":1,"column":0},"end":{"line":43,"column":3}},"2":{"start":{"line":3,"column":2},"end":{"line":3,"column":20}},"3":{"start":{"line":4,"column":2},"end":{"line":6,"column":4}},"4":{"start":{"line":8,"column":2},"end":{"line":8,"column":41}},"5":{"start":{"line":9,"column":2},"end":{"line":15,"column":4}},"6":{"start":{"line":10,"column":3},"end":{"line":10,"column":45}},"7":{"start":{"line":11,"column":4},"end":{"line":14,"column":7}},"8":{"start":{"line":12,"column":8},"end":{"line":12,"column":33}},"9":{"start":{"line":13,"column":8},"end":{"line":13,"column":47}},"10":{"start":{"line":17,"column":2},"end":{"line":24,"column":4}},"11":{"start":{"line":18,"column":4},"end":{"line":18,"column":17}},"12":{"start":{"line":19,"column":4},"end":{"line":21,"column":5}},"13":{"start":{"line":20,"column":7},"end":{"line":20,"column":40}},"14":{"start":{"line":22,"column":4},"end":{"line":22,"column":110}},"15":{"start":{"line":23,"column":4},"end":{"line":23,"column":28}},"16":{"start":{"line":29,"column":3},"end":{"line":42,"column":5}},"17":{"start":{"line":31,"column":5},"end":{"line":31,"column":43}},"18":{"start":{"line":32,"column":5},"end":{"line":32,"column":39}},"19":{"start":{"line":34,"column":5},"end":{"line":36,"column":8}},"20":{"start":{"line":35,"column":7},"end":{"line":35,"column":79}},"21":{"start":{"line":38,"column":5},"end":{"line":40,"column":6}},"22":{"start":{"line":39,"column":8},"end":{"line":39,"column":25}},"23":{"start":{"line":41,"column":5},"end":{"line":41,"column":21}}},"branchMap":{"1":{"line":19,"type":"if","locations":[{"start":{"line":19,"column":4},"end":{"line":19,"column":4}},{"start":{"line":19,"column":4},"end":{"line":19,"column":4}}]},"2":{"line":35,"type":"binary-expr","locations":[{"start":{"line":35,"column":14},"end":{"line":35,"column":45}},{"start":{"line":35,"column":49},"end":{"line":35,"column":78}}]},"3":{"line":38,"type":"if","locations":[{"start":{"line":38,"column":5},"end":{"line":38,"column":5}},{"start":{"line":38,"column":5},"end":{"line":38,"column":5}}]}}}}